# JRE version: OpenJDK Runtime Environment (11.0.10) (build 11.0.10+0-b96-7249189)
# Java VM: OpenJDK 64-Bit Server VM (11.0.10+0-b96-7249189, mixed mode, tiered, compressed oops, g1 gc, windows-amd64)
Heap:
 garbage-first heap   total 256000K, used 136571K [0x0000000080000000, 0x0000000100000000)
  region size 1024K, 10 young (10240K), 5 survivors (5120K)
 Metaspace       used 120674K, capacity 124062K, committed 124260K, reserved 1157120K
  class space    used 15738K, capacity 17008K, committed 17072K, reserved 1048576K
GC Heap History (20 events):
Event: 2315.634 GC heap before
{Heap before GC invocations=38 (full 0):
 garbage-first heap   total 212992K, used 149248K [0x0000000080000000, 0x0000000100000000)
  region size 1024K, 20 young (20480K), 1 survivors (1024K)
 Metaspace       used 111766K, capacity 114795K, committed 115684K, reserved 1148928K
  class space    used 14743K, capacity 15869K, committed 16176K, reserved 1048576K
}
Event: 2315.644 GC heap after
{Heap after GC invocations=39 (full 0):
 garbage-first heap   total 212992K, used 130691K [0x0000000080000000, 0x0000000100000000)
  region size 1024K, 2 young (2048K), 2 survivors (2048K)
 Metaspace       used 111766K, capacity 114795K, committed 115684K, reserved 1148928K
  class space    used 14743K, capacity 15869K, committed 16176K, reserved 1048576K
}
Event: 2316.726 GC heap before
{Heap before GC invocations=40 (full 0):
 garbage-first heap   total 212992K, used 152195K [0x0000000080000000, 0x0000000100000000)
  region size 1024K, 24 young (24576K), 2 survivors (2048K)
 Metaspace       used 112772K, capacity 115683K, committed 116836K, reserved 1150976K
  class space    used 14857K, capacity 15931K, committed 16304K, reserved 1048576K
}
Event: 2316.735 GC heap after
{Heap after GC invocations=41 (full 0):
 garbage-first heap   total 212992K, used 132193K [0x0000000080000000, 0x0000000100000000)
  region size 1024K, 3 young (3072K), 3 survivors (3072K)
 Metaspace       used 112772K, capacity 115683K, committed 116836K, reserved 1150976K
  class space    used 14857K, capacity 15931K, committed 16304K, reserved 1048576K
}
Event: 2316.873 GC heap before
{Heap before GC invocations=41 (full 0):
 garbage-first heap   total 212992K, used 139361K [0x0000000080000000, 0x0000000100000000)
  region size 1024K, 10 young (10240K), 3 survivors (3072K)
 Metaspace       used 113168K, capacity 116263K, committed 117092K, reserved 1150976K
  class space    used 14917K, capacity 16039K, committed 16304K, reserved 1048576K
}
Event: 2316.899 GC heap after
{Heap after GC invocations=42 (full 0):
 garbage-first heap   total 212992K, used 125192K [0x0000000080000000, 0x0000000100000000)
  region size 1024K, 1 young (1024K), 1 survivors (1024K)
 Metaspace       used 113168K, capacity 116263K, committed 117092K, reserved 1150976K
  class space    used 14917K, capacity 16039K, committed 16304K, reserved 1048576K
}
Event: 2317.011 GC heap before
{Heap before GC invocations=42 (full 0):
 garbage-first heap   total 212992K, used 134408K [0x0000000080000000, 0x0000000100000000)
  region size 1024K, 10 young (10240K), 1 survivors (1024K)
 Metaspace       used 113339K, capacity 116497K, committed 117092K, reserved 1150976K
  class space    used 14938K, capacity 16111K, committed 16304K, reserved 1048576K
}
Event: 2317.045 GC heap after
{Heap after GC invocations=43 (full 0):
 garbage-first heap   total 212992K, used 120979K [0x0000000080000000, 0x0000000100000000)
  region size 1024K, 2 young (2048K), 2 survivors (2048K)
 Metaspace       used 113339K, capacity 116497K, committed 117092K, reserved 1150976K
  class space    used 14938K, capacity 16111K, committed 16304K, reserved 1048576K
}
Event: 2317.288 GC heap before
{Heap before GC invocations=43 (full 0):
 garbage-first heap   total 212992K, used 129171K [0x0000000080000000, 0x0000000100000000)
  region size 1024K, 10 young (10240K), 2 survivors (2048K)
 Metaspace       used 113726K, capacity 116829K, committed 117476K, reserved 1150976K
  class space    used 14995K, capacity 16157K, committed 16432K, reserved 1048576K
}
Event: 2317.306 GC heap after
{Heap after GC invocations=44 (full 0):
 garbage-first heap   total 212992K, used 120233K [0x0000000080000000, 0x0000000100000000)
  region size 1024K, 2 young (2048K), 2 survivors (2048K)
 Metaspace       used 113726K, capacity 116829K, committed 117476K, reserved 1150976K
  class space    used 14995K, capacity 16157K, committed 16432K, reserved 1048576K
}
Event: 2317.950 GC heap before
{Heap before GC invocations=44 (full 0):
 garbage-first heap   total 212992K, used 153001K [0x0000000080000000, 0x0000000100000000)
  region size 1024K, 35 young (35840K), 2 survivors (2048K)
 Metaspace       used 115826K, capacity 118970K, committed 119652K, reserved 1153024K
  class space    used 15256K, capacity 16400K, committed 16560K, reserved 1048576K
}
Event: 2317.960 GC heap after
{Heap after GC invocations=45 (full 0):
 garbage-first heap   total 212992K, used 122982K [0x0000000080000000, 0x0000000100000000)
  region size 1024K, 4 young (4096K), 4 survivors (4096K)
 Metaspace       used 115826K, capacity 118970K, committed 119652K, reserved 1153024K
  class space    used 15256K, capacity 16400K, committed 16560K, reserved 1048576K
}
Event: 2319.107 GC heap before
{Heap before GC invocations=46 (full 0):
 garbage-first heap   total 212992K, used 167014K [0x0000000080000000, 0x0000000100000000)
  region size 1024K, 46 young (47104K), 4 survivors (4096K)
 Metaspace       used 118694K, capacity 121971K, committed 122468K, reserved 1155072K
  class space    used 15487K, capacity 16668K, committed 16816K, reserved 1048576K
}
Event: 2319.121 GC heap after
{Heap after GC invocations=47 (full 0):
 garbage-first heap   total 212992K, used 125642K [0x0000000080000000, 0x0000000100000000)
  region size 1024K, 6 young (6144K), 6 survivors (6144K)
 Metaspace       used 118694K, capacity 121971K, committed 122468K, reserved 1155072K
  class space    used 15487K, capacity 16668K, committed 16816K, reserved 1048576K
}
Event: 2319.148 GC heap before
{Heap before GC invocations=47 (full 0):
 garbage-first heap   total 212992K, used 128714K [0x0000000080000000, 0x0000000100000000)
  region size 1024K, 10 young (10240K), 6 survivors (6144K)
 Metaspace       used 118694K, capacity 121971K, committed 122468K, reserved 1155072K
  class space    used 15487K, capacity 16668K, committed 16816K, reserved 1048576K
}
Event: 2319.167 GC heap after
{Heap after GC invocations=48 (full 0):
 garbage-first heap   total 212992K, used 125782K [0x0000000080000000, 0x0000000100000000)
  region size 1024K, 1 young (1024K), 1 survivors (1024K)
 Metaspace       used 118694K, capacity 121971K, committed 122468K, reserved 1155072K
  class space    used 15487K, capacity 16668K, committed 16816K, reserved 1048576K
}
Event: 2319.709 GC heap before
{Heap before GC invocations=48 (full 0):
 garbage-first heap   total 212992K, used 167766K [0x0000000080000000, 0x0000000100000000)
  region size 1024K, 43 young (44032K), 1 survivors (1024K)
 Metaspace       used 119015K, capacity 122245K, committed 122852K, reserved 1155072K
  class space    used 15521K, capacity 16713K, committed 16944K, reserved 1048576K
}
Event: 2319.720 GC heap after
{Heap after GC invocations=49 (full 0):
 garbage-first heap   total 212992K, used 128653K [0x0000000080000000, 0x0000000100000000)
  region size 1024K, 4 young (4096K), 4 survivors (4096K)
 Metaspace       used 119015K, capacity 122245K, committed 122852K, reserved 1155072K
  class space    used 15521K, capacity 16713K, committed 16944K, reserved 1048576K
}
Event: 2320.602 GC heap before
{Heap before GC invocations=50 (full 0):
 garbage-first heap   total 212992K, used 172685K [0x0000000080000000, 0x0000000100000000)
  region size 1024K, 46 young (47104K), 4 survivors (4096K)
 Metaspace       used 120281K, capacity 123724K, committed 124004K, reserved 1157120K
  class space    used 15688K, capacity 16968K, committed 17072K, reserved 1048576K
}
Event: 2320.620 GC heap after
{Heap after GC invocations=51 (full 0):
 garbage-first heap   total 256000K, used 132475K [0x0000000080000000, 0x0000000100000000)
  region size 1024K, 5 young (5120K), 5 survivors (5120K)
 Metaspace       used 120281K, capacity 123724K, committed 124004K, reserved 1157120K
  class space    used 15688K, capacity 16968K, committed 17072K, reserved 1048576K
}

