# JRE version: OpenJDK Runtime Environment (11.0.10) (build 11.0.10+0-b96-7249189)
# Java VM: OpenJDK 64-Bit Server VM (11.0.10+0-b96-7249189, mixed mode, tiered, compressed oops, g1 gc, windows-amd64)
Heap:
 garbage-first heap   total 713728K, used 275260K [0x0000000080000000, 0x0000000100000000)
  region size 1024K, 3 young (3072K), 3 survivors (3072K)
 Metaspace       used 141069K, capacity 145253K, committed 145536K, reserved 1175552K
  class space    used 17481K, capacity 19028K, committed 19072K, reserved 1048576K
GC Heap History (20 events):
Event: 1288.830 GC heap after
{Heap after GC invocations=68 (full 0):
 garbage-first heap   total 356352K, used 235520K [0x0000000080000000, 0x0000000100000000)
  region size 1024K, 3 young (3072K), 3 survivors (3072K)
 Metaspace       used 138651K, capacity 142704K, committed 143104K, reserved 1173504K
  class space    used 17173K, capacity 18657K, committed 18688K, reserved 1048576K
}
Event: 1289.263 GC heap before
{Heap before GC invocations=68 (full 0):
 garbage-first heap   total 356352K, used 285696K [0x0000000080000000, 0x0000000100000000)
  region size 1024K, 53 young (54272K), 3 survivors (3072K)
 Metaspace       used 138708K, capacity 142711K, committed 143104K, reserved 1173504K
  class space    used 17173K, capacity 18657K, committed 18688K, reserved 1048576K
}
Event: 1289.724 GC heap after
{Heap after GC invocations=69 (full 0):
 garbage-first heap   total 356352K, used 261857K [0x0000000080000000, 0x0000000100000000)
  region size 1024K, 7 young (7168K), 7 survivors (7168K)
 Metaspace       used 138708K, capacity 142711K, committed 143104K, reserved 1173504K
  class space    used 17173K, capacity 18657K, committed 18688K, reserved 1048576K
}
Event: 1290.056 GC heap before
{Heap before GC invocations=69 (full 0):
 garbage-first heap   total 356352K, used 292577K [0x0000000080000000, 0x0000000100000000)
  region size 1024K, 37 young (37888K), 7 survivors (7168K)
 Metaspace       used 138748K, capacity 142775K, committed 143104K, reserved 1173504K
  class space    used 17173K, capacity 18657K, committed 18688K, reserved 1048576K
}
Event: 1290.110 GC heap after
{Heap after GC invocations=70 (full 0):
 garbage-first heap   total 356352K, used 279011K [0x0000000080000000, 0x0000000100000000)
  region size 1024K, 5 young (5120K), 5 survivors (5120K)
 Metaspace       used 138748K, capacity 142775K, committed 143104K, reserved 1173504K
  class space    used 17173K, capacity 18657K, committed 18688K, reserved 1048576K
}
Event: 1290.245 GC heap before
{Heap before GC invocations=70 (full 0):
 garbage-first heap   total 356352K, used 298467K [0x0000000080000000, 0x0000000100000000)
  region size 1024K, 24 young (24576K), 5 survivors (5120K)
 Metaspace       used 138750K, capacity 142775K, committed 143104K, reserved 1173504K
  class space    used 17173K, capacity 18657K, committed 18688K, reserved 1048576K
}
Event: 1290.271 GC heap after
{Heap after GC invocations=71 (full 0):
 garbage-first heap   total 356352K, used 289659K [0x0000000080000000, 0x0000000100000000)
  region size 1024K, 3 young (3072K), 3 survivors (3072K)
 Metaspace       used 138750K, capacity 142775K, committed 143104K, reserved 1173504K
  class space    used 17173K, capacity 18657K, committed 18688K, reserved 1048576K
}
Event: 1290.453 GC heap before
{Heap before GC invocations=71 (full 0):
 garbage-first heap   total 356352K, used 303995K [0x0000000080000000, 0x0000000100000000)
  region size 1024K, 17 young (17408K), 3 survivors (3072K)
 Metaspace       used 139003K, capacity 143108K, committed 143232K, reserved 1173504K
  class space    used 17211K, capacity 18704K, committed 18816K, reserved 1048576K
}
Event: 1290.470 GC heap after
{Heap after GC invocations=72 (full 0):
 garbage-first heap   total 356352K, used 297280K [0x0000000080000000, 0x0000000100000000)
  region size 1024K, 3 young (3072K), 3 survivors (3072K)
 Metaspace       used 139003K, capacity 143108K, committed 143232K, reserved 1173504K
  class space    used 17211K, capacity 18704K, committed 18816K, reserved 1048576K
}
Event: 1290.829 GC heap before
{Heap before GC invocations=72 (full 0):
 garbage-first heap   total 356352K, used 310592K [0x0000000080000000, 0x0000000100000000)
  region size 1024K, 17 young (17408K), 3 survivors (3072K)
 Metaspace       used 140043K, capacity 144182K, committed 144384K, reserved 1175552K
  class space    used 17359K, capacity 18866K, committed 18944K, reserved 1048576K
}
Event: 1290.850 GC heap after
{Heap after GC invocations=73 (full 0):
 garbage-first heap   total 356352K, used 300952K [0x0000000080000000, 0x0000000100000000)
  region size 1024K, 3 young (3072K), 3 survivors (3072K)
 Metaspace       used 140043K, capacity 144182K, committed 144384K, reserved 1175552K
  class space    used 17359K, capacity 18866K, committed 18944K, reserved 1048576K
}
Event: 1291.011 GC heap before
{Heap before GC invocations=73 (full 0):
 garbage-first heap   total 356352K, used 314264K [0x0000000080000000, 0x0000000100000000)
  region size 1024K, 17 young (17408K), 3 survivors (3072K)
 Metaspace       used 140156K, capacity 144291K, committed 144384K, reserved 1175552K
  class space    used 17371K, capacity 18877K, committed 18944K, reserved 1048576K
}
Event: 1291.041 GC heap after
{Heap after GC invocations=74 (full 0):
 garbage-first heap   total 425984K, used 303000K [0x0000000080000000, 0x0000000100000000)
  region size 1024K, 3 young (3072K), 3 survivors (3072K)
 Metaspace       used 140156K, capacity 144291K, committed 144384K, reserved 1175552K
  class space    used 17371K, capacity 18877K, committed 18944K, reserved 1048576K
}
Event: 1291.941 GC heap before
{Heap before GC invocations=74 (full 0):
 garbage-first heap   total 425984K, used 315288K [0x0000000080000000, 0x0000000100000000)
  region size 1024K, 33 young (33792K), 3 survivors (3072K)
 Metaspace       used 140684K, capacity 144907K, committed 145024K, reserved 1175552K
  class space    used 17445K, capacity 19005K, committed 19072K, reserved 1048576K
}
Event: 1291.968 GC heap after
{Heap after GC invocations=75 (full 0):
 garbage-first heap   total 425984K, used 288134K [0x0000000080000000, 0x0000000100000000)
  region size 1024K, 5 young (5120K), 5 survivors (5120K)
 Metaspace       used 140684K, capacity 144907K, committed 145024K, reserved 1175552K
  class space    used 17445K, capacity 19005K, committed 19072K, reserved 1048576K
}
Event: 1292.589 GC heap before
{Heap before GC invocations=76 (full 0):
 garbage-first heap   total 425984K, used 326022K [0x0000000080000000, 0x0000000100000000)
  region size 1024K, 43 young (44032K), 5 survivors (5120K)
 Metaspace       used 141049K, capacity 145252K, committed 145536K, reserved 1175552K
  class space    used 17481K, capacity 19028K, committed 19072K, reserved 1048576K
}
Event: 1292.633 GC heap after
{Heap after GC invocations=77 (full 0):
 garbage-first heap   total 425984K, used 291588K [0x0000000080000000, 0x0000000100000000)
  region size 1024K, 6 young (6144K), 6 survivors (6144K)
 Metaspace       used 141049K, capacity 145252K, committed 145536K, reserved 1175552K
  class space    used 17481K, capacity 19028K, committed 19072K, reserved 1048576K
}
Event: 1292.770 GC heap before
{Heap before GC invocations=77 (full 0):
 garbage-first heap   total 425984K, used 305924K [0x0000000080000000, 0x0000000100000000)
  region size 1024K, 20 young (20480K), 6 survivors (6144K)
 Metaspace       used 141057K, capacity 145253K, committed 145536K, reserved 1175552K
  class space    used 17481K, capacity 19028K, committed 19072K, reserved 1048576K
}
Event: 1292.857 GC heap after
{Heap after GC invocations=78 (full 0):
 garbage-first heap   total 425984K, used 269746K [0x0000000080000000, 0x0000000100000000)
  region size 1024K, 2 young (2048K), 2 survivors (2048K)
 Metaspace       used 141057K, capacity 145253K, committed 145536K, reserved 1175552K
  class space    used 17481K, capacity 19028K, committed 19072K, reserved 1048576K
}
Event: 1292.953 GC heap before
{Heap before GC invocations=78 (full 0):
 garbage-first heap   total 425984K, used 289202K [0x0000000080000000, 0x0000000100000000)
  region size 1024K, 20 young (20480K), 2 survivors (2048K)
 Metaspace       used 141069K, capacity 145253K, committed 145536K, reserved 1175552K
  class space    used 17481K, capacity 19028K, committed 19072K, reserved 1048576K
}

